<?xml version="1.0" encoding="UTF-8"?>
<testsuite name="tests.LogoutTests" tests="1" skipped="0" failures="0" errors="0" timestamp="2026-08-16T22:51:45.526Z" hostname="DESKTOP-S6NSILN" time="2.341">
  <properties/>
  <testcase name="sucessfullLogoutTest()" classname="tests.LogoutTests" time="1.968"/>
  <system-out><![CDATA[Request method:	POST
Request URI:	http://bookclub.qa.guru:8100/api/v1/auth/token/
Proxy:			<none>
Request params:	<none>
Query params:	<none>
Form params:	<none>
Path params:	<none>
Headers:		Accept=*/*
				Content-Type=application/json
Cookies:		<none>
Multiparts:		<none>
Body:
{
    "username": "GallivixQaGuru",
    "password": "1234"
}
HTTP/1.1 200 OK
Server: nginx/1.30.4
Date: Sun, 16 Aug 2026 22:51:46 GMT
Content-Type: application/json; charset=utf-8
Content-Length: 489
Connection: keep-alive
Allow: POST, OPTIONS
X-Frame-Options: DENY
Vary: origin
X-Content-Type-Options: nosniff
Referrer-Policy: same-origin
Cross-Origin-Opener-Policy: same-origin

{
    "refresh": "eyJhbGciOiJIUzI1NiIsInR5cCI6IkpXVCJ9.eyJ0b2tlbl90eXBlIjoicmVmcmVzaCIsImV4cCI6MTc4ODk5NDMwNiwiaWF0IjoxNzg2OTIwNzA2LCJqdGkiOiIzYWYxMDI4OTU1NDE0MDg4YWJiYTMxZTY4YmExNWVhNSIsInVzZXJfaWQiOjc1N30.SwCxUjPYcA4VmJwEVLr-SVnDhdnOsRupQFU8uEMuZic",
    "access": "eyJhbGciOiJIUzI1NiIsInR5cCI6IkpXVCJ9.eyJ0b2tlbl90eXBlIjoiYWNjZXNzIiwiZXhwIjoxNzg3NTI1NTA2LCJpYXQiOjE3ODY5MjA3MDYsImp0aSI6Ijk4ODE1OGRkZThiODQwMDVhODY1NDNiYWQ1NDNkNmRhIiwidXNlcl9pZCI6NzU3fQ.2c_un4Ysr5n_lnzD_YzBOBRhW0ECyB2as4-oM4pOEZQ"
}
Request method:	POST
Request URI:	http://bookclub.qa.guru:8100/api/v1/auth/logout/
Proxy:			<none>
Request params:	<none>
Query params:	<none>
Form params:	<none>
Path params:	<none>
Headers:		Accept=*/*
				Content-Type=application/json
Cookies:		<none>
Multiparts:		<none>
Body:
{
    "refresh": "eyJhbGciOiJIUzI1NiIsInR5cCI6IkpXVCJ9.eyJ0b2tlbl90eXBlIjoicmVmcmVzaCIsImV4cCI6MTc4ODk5NDMwNiwiaWF0IjoxNzg2OTIwNzA2LCJqdGkiOiIzYWYxMDI4OTU1NDE0MDg4YWJiYTMxZTY4YmExNWVhNSIsInVzZXJfaWQiOjc1N30.SwCxUjPYcA4VmJwEVLr-SVnDhdnOsRupQFU8uEMuZic"
}
HTTP/1.1 200 OK
Server: nginx/1.30.4
Date: Sun, 16 Aug 2026 22:51:46 GMT
Content-Type: application/json; charset=utf-8
Content-Length: 2
Connection: keep-alive
Allow: POST, OPTIONS
X-Frame-Options: DENY
Vary: origin
X-Content-Type-Options: nosniff
Referrer-Policy: same-origin
Cross-Origin-Opener-Policy: same-origin

{
    
}
]]></system-out>
  <system-err><![CDATA[]]></system-err>
</testsuite>
